mode: set
github.com/philipsahli/innominatus-ai-sdk/pkg/platformai/codemapping/analyzer.go:17.30,19.2 1 0
github.com/philipsahli/innominatus-ai-sdk/pkg/platformai/codemapping/analyzer.go:22.95,24.53 1 0
github.com/philipsahli/innominatus-ai-sdk/pkg/platformai/codemapping/analyzer.go:24.53,26.3 1 0
github.com/philipsahli/innominatus-ai-sdk/pkg/platformai/codemapping/analyzer.go:28.2,34.86 2 0
github.com/philipsahli/innominatus-ai-sdk/pkg/platformai/codemapping/analyzer.go:34.86,35.17 1 0
github.com/philipsahli/innominatus-ai-sdk/pkg/platformai/codemapping/analyzer.go:35.17,37.4 1 0
github.com/philipsahli/innominatus-ai-sdk/pkg/platformai/codemapping/analyzer.go:40.3,40.10 1 0
github.com/philipsahli/innominatus-ai-sdk/pkg/platformai/codemapping/analyzer.go:41.21,42.20 1 0
github.com/philipsahli/innominatus-ai-sdk/pkg/platformai/codemapping/analyzer.go:43.11,43.11 0 0
github.com/philipsahli/innominatus-ai-sdk/pkg/platformai/codemapping/analyzer.go:47.3,47.19 1 0
github.com/philipsahli/innominatus-ai-sdk/pkg/platformai/codemapping/analyzer.go:47.19,49.149 2 0
github.com/philipsahli/innominatus-ai-sdk/pkg/platformai/codemapping/analyzer.go:49.149,51.5 1 0
github.com/philipsahli/innominatus-ai-sdk/pkg/platformai/codemapping/analyzer.go:52.4,52.14 1 0
github.com/philipsahli/innominatus-ai-sdk/pkg/platformai/codemapping/analyzer.go:55.3,59.22 3 0
github.com/philipsahli/innominatus-ai-sdk/pkg/platformai/codemapping/analyzer.go:60.17,61.32 1 0
github.com/philipsahli/innominatus-ai-sdk/pkg/platformai/codemapping/analyzer.go:62.23,63.38 1 0
github.com/philipsahli/innominatus-ai-sdk/pkg/platformai/codemapping/analyzer.go:64.27,65.42 1 0
github.com/philipsahli/innominatus-ai-sdk/pkg/platformai/codemapping/analyzer.go:66.25,67.40 1 0
github.com/philipsahli/innominatus-ai-sdk/pkg/platformai/codemapping/analyzer.go:68.21,72.48 3 0
github.com/philipsahli/innominatus-ai-sdk/pkg/platformai/codemapping/analyzer.go:75.3,75.13 1 0
github.com/philipsahli/innominatus-ai-sdk/pkg/platformai/codemapping/analyzer.go:78.2,78.16 1 0
github.com/philipsahli/innominatus-ai-sdk/pkg/platformai/codemapping/analyzer.go:78.16,80.3 1 0
github.com/philipsahli/innominatus-ai-sdk/pkg/platformai/codemapping/analyzer.go:82.2,82.22 1 0
github.com/philipsahli/innominatus-ai-sdk/pkg/platformai/codemapping/analyzer.go:86.74,89.16 2 0
github.com/philipsahli/innominatus-ai-sdk/pkg/platformai/codemapping/analyzer.go:89.16,91.3 1 0
github.com/philipsahli/innominatus-ai-sdk/pkg/platformai/codemapping/analyzer.go:92.2,97.21 4 0
github.com/philipsahli/innominatus-ai-sdk/pkg/platformai/codemapping/analyzer.go:97.21,101.37 2 0
github.com/philipsahli/innominatus-ai-sdk/pkg/platformai/codemapping/analyzer.go:101.37,103.23 2 0
github.com/philipsahli/innominatus-ai-sdk/pkg/platformai/codemapping/analyzer.go:103.23,105.5 1 0
github.com/philipsahli/innominatus-ai-sdk/pkg/platformai/codemapping/analyzer.go:109.3,109.43 1 0
github.com/philipsahli/innominatus-ai-sdk/pkg/platformai/codemapping/analyzer.go:109.43,111.12 2 0
github.com/philipsahli/innominatus-ai-sdk/pkg/platformai/codemapping/analyzer.go:114.3,114.21 1 0
github.com/philipsahli/innominatus-ai-sdk/pkg/platformai/codemapping/analyzer.go:114.21,115.19 1 0
github.com/philipsahli/innominatus-ai-sdk/pkg/platformai/codemapping/analyzer.go:115.19,117.13 2 0
github.com/philipsahli/innominatus-ai-sdk/pkg/platformai/codemapping/analyzer.go:120.4,121.23 2 0
github.com/philipsahli/innominatus-ai-sdk/pkg/platformai/codemapping/analyzer.go:121.23,124.38 3 0
github.com/philipsahli/innominatus-ai-sdk/pkg/platformai/codemapping/analyzer.go:124.38,126.6 1 0
github.com/philipsahli/innominatus-ai-sdk/pkg/platformai/codemapping/analyzer.go:128.9,128.49 1 0
github.com/philipsahli/innominatus-ai-sdk/pkg/platformai/codemapping/analyzer.go:128.49,131.23 2 0
github.com/philipsahli/innominatus-ai-sdk/pkg/platformai/codemapping/analyzer.go:131.23,133.5 1 0
github.com/philipsahli/innominatus-ai-sdk/pkg/platformai/codemapping/analyzer.go:139.80,142.16 2 0
github.com/philipsahli/innominatus-ai-sdk/pkg/platformai/codemapping/analyzer.go:142.16,144.3 1 0
github.com/philipsahli/innominatus-ai-sdk/pkg/platformai/codemapping/analyzer.go:146.2,154.51 2 0
github.com/philipsahli/innominatus-ai-sdk/pkg/platformai/codemapping/analyzer.go:154.51,156.3 1 0
github.com/philipsahli/innominatus-ai-sdk/pkg/platformai/codemapping/analyzer.go:159.2,159.28 1 0
github.com/philipsahli/innominatus-ai-sdk/pkg/platformai/codemapping/analyzer.go:159.28,161.3 1 0
github.com/philipsahli/innominatus-ai-sdk/pkg/platformai/codemapping/analyzer.go:164.2,164.46 1 0
github.com/philipsahli/innominatus-ai-sdk/pkg/platformai/codemapping/analyzer.go:164.46,166.3 1 0
github.com/philipsahli/innominatus-ai-sdk/pkg/platformai/codemapping/analyzer.go:167.2,167.49 1 0
github.com/philipsahli/innominatus-ai-sdk/pkg/platformai/codemapping/analyzer.go:167.49,169.3 1 0
github.com/philipsahli/innominatus-ai-sdk/pkg/platformai/codemapping/analyzer.go:173.84,176.16 2 0
github.com/philipsahli/innominatus-ai-sdk/pkg/platformai/codemapping/analyzer.go:176.16,178.3 1 0
github.com/philipsahli/innominatus-ai-sdk/pkg/platformai/codemapping/analyzer.go:179.2,182.21 3 0
github.com/philipsahli/innominatus-ai-sdk/pkg/platformai/codemapping/analyzer.go:182.21,186.49 2 0
github.com/philipsahli/innominatus-ai-sdk/pkg/platformai/codemapping/analyzer.go:186.49,187.12 1 0
github.com/philipsahli/innominatus-ai-sdk/pkg/platformai/codemapping/analyzer.go:191.3,192.35 2 0
github.com/philipsahli/innominatus-ai-sdk/pkg/platformai/codemapping/analyzer.go:192.35,195.22 3 0
github.com/philipsahli/innominatus-ai-sdk/pkg/platformai/codemapping/analyzer.go:195.22,197.5 1 0
github.com/philipsahli/innominatus-ai-sdk/pkg/platformai/codemapping/analyzer.go:198.9,198.42 1 0
github.com/philipsahli/innominatus-ai-sdk/pkg/platformai/codemapping/analyzer.go:198.42,201.22 3 0
github.com/philipsahli/innominatus-ai-sdk/pkg/platformai/codemapping/analyzer.go:201.22,203.5 1 0
github.com/philipsahli/innominatus-ai-sdk/pkg/platformai/codemapping/analyzer.go:204.9,207.4 2 0
github.com/philipsahli/innominatus-ai-sdk/pkg/platformai/codemapping/analyzer.go:209.3,209.17 1 0
github.com/philipsahli/innominatus-ai-sdk/pkg/platformai/codemapping/analyzer.go:209.17,211.4 1 0
github.com/philipsahli/innominatus-ai-sdk/pkg/platformai/codemapping/analyzer.go:216.82,219.16 2 0
github.com/philipsahli/innominatus-ai-sdk/pkg/platformai/codemapping/analyzer.go:219.16,221.3 1 0
github.com/philipsahli/innominatus-ai-sdk/pkg/platformai/codemapping/analyzer.go:223.2,227.29 4 0
github.com/philipsahli/innominatus-ai-sdk/pkg/platformai/codemapping/analyzer.go:227.29,231.113 2 0
github.com/philipsahli/innominatus-ai-sdk/pkg/platformai/codemapping/analyzer.go:231.113,233.12 2 0
github.com/philipsahli/innominatus-ai-sdk/pkg/platformai/codemapping/analyzer.go:237.3,237.35 1 0
github.com/philipsahli/innominatus-ai-sdk/pkg/platformai/codemapping/analyzer.go:237.35,239.4 1 0
github.com/philipsahli/innominatus-ai-sdk/pkg/platformai/codemapping/analyzer.go:242.3,242.52 1 0
github.com/philipsahli/innominatus-ai-sdk/pkg/platformai/codemapping/analyzer.go:242.52,244.23 2 0
github.com/philipsahli/innominatus-ai-sdk/pkg/platformai/codemapping/analyzer.go:244.23,249.25 3 0
github.com/philipsahli/innominatus-ai-sdk/pkg/platformai/codemapping/analyzer.go:249.25,251.6 1 0
github.com/philipsahli/innominatus-ai-sdk/pkg/platformai/codemapping/analyzer.go:251.11,253.6 1 0
github.com/philipsahli/innominatus-ai-sdk/pkg/platformai/codemapping/config_generator.go:18.64,20.2 1 0
github.com/philipsahli/innominatus-ai-sdk/pkg/platformai/codemapping/config_generator.go:23.112,39.24 3 0
github.com/philipsahli/innominatus-ai-sdk/pkg/platformai/codemapping/config_generator.go:39.24,41.3 1 0
github.com/philipsahli/innominatus-ai-sdk/pkg/platformai/codemapping/config_generator.go:44.2,46.51 3 0
github.com/philipsahli/innominatus-ai-sdk/pkg/platformai/codemapping/config_generator.go:46.51,47.17 1 0
github.com/philipsahli/innominatus-ai-sdk/pkg/platformai/codemapping/config_generator.go:47.17,50.4 2 0
github.com/philipsahli/innominatus-ai-sdk/pkg/platformai/codemapping/config_generator.go:53.2,133.16 3 0
github.com/philipsahli/innominatus-ai-sdk/pkg/platformai/codemapping/config_generator.go:133.16,135.3 1 0
github.com/philipsahli/innominatus-ai-sdk/pkg/platformai/codemapping/config_generator.go:138.2,139.71 2 0
github.com/philipsahli/innominatus-ai-sdk/pkg/platformai/codemapping/config_generator.go:139.71,141.3 1 0
github.com/philipsahli/innominatus-ai-sdk/pkg/platformai/codemapping/config_generator.go:143.2,143.21 1 0
github.com/philipsahli/innominatus-ai-sdk/pkg/platformai/codemapping/detector.go:12.30,14.2 1 0
github.com/philipsahli/innominatus-ai-sdk/pkg/platformai/codemapping/detector.go:17.72,19.38 1 0
github.com/philipsahli/innominatus-ai-sdk/pkg/platformai/codemapping/detector.go:19.38,20.15 1 0
github.com/philipsahli/innominatus-ai-sdk/pkg/platformai/codemapping/detector.go:21.17,22.15 1 0
github.com/philipsahli/innominatus-ai-sdk/pkg/platformai/codemapping/detector.go:23.23,24.19 1 0
github.com/philipsahli/innominatus-ai-sdk/pkg/platformai/codemapping/detector.go:25.57,26.19 1 0
github.com/philipsahli/innominatus-ai-sdk/pkg/platformai/codemapping/detector.go:27.21,28.17 1 0
github.com/philipsahli/innominatus-ai-sdk/pkg/platformai/codemapping/detector.go:29.34,30.17 1 0
github.com/philipsahli/innominatus-ai-sdk/pkg/platformai/codemapping/detector.go:35.2,36.38 2 0
github.com/philipsahli/innominatus-ai-sdk/pkg/platformai/codemapping/detector.go:36.38,38.16 2 0
github.com/philipsahli/innominatus-ai-sdk/pkg/platformai/codemapping/detector.go:38.16,40.4 1 0
github.com/philipsahli/innominatus-ai-sdk/pkg/platformai/codemapping/detector.go:44.2,61.35 4 0
github.com/philipsahli/innominatus-ai-sdk/pkg/platformai/codemapping/detector.go:61.35,62.59 1 0
github.com/philipsahli/innominatus-ai-sdk/pkg/platformai/codemapping/detector.go:62.59,65.4 2 0
github.com/philipsahli/innominatus-ai-sdk/pkg/platformai/codemapping/detector.go:68.2,68.21 1 0
github.com/philipsahli/innominatus-ai-sdk/pkg/platformai/codemapping/detector.go:72.73,76.4 1 0
github.com/philipsahli/innominatus-ai-sdk/pkg/platformai/codemapping/detector.go:76.4,78.3 1 0
github.com/philipsahli/innominatus-ai-sdk/pkg/platformai/codemapping/detector.go:79.2,81.4 1 0
github.com/philipsahli/innominatus-ai-sdk/pkg/platformai/codemapping/detector.go:81.4,83.3 1 0
github.com/philipsahli/innominatus-ai-sdk/pkg/platformai/codemapping/detector.go:84.2,86.4 1 0
github.com/philipsahli/innominatus-ai-sdk/pkg/platformai/codemapping/detector.go:86.4,88.3 1 0
github.com/philipsahli/innominatus-ai-sdk/pkg/platformai/codemapping/detector.go:89.2,91.4 1 0
github.com/philipsahli/innominatus-ai-sdk/pkg/platformai/codemapping/detector.go:91.4,93.3 1 0
github.com/philipsahli/innominatus-ai-sdk/pkg/platformai/codemapping/detector.go:94.2,96.4 1 0
github.com/philipsahli/innominatus-ai-sdk/pkg/platformai/codemapping/detector.go:96.4,98.3 1 0
github.com/philipsahli/innominatus-ai-sdk/pkg/platformai/codemapping/detector.go:101.2,103.4 1 0
github.com/philipsahli/innominatus-ai-sdk/pkg/platformai/codemapping/detector.go:103.4,105.3 1 0
github.com/philipsahli/innominatus-ai-sdk/pkg/platformai/codemapping/detector.go:106.2,108.4 1 0
github.com/philipsahli/innominatus-ai-sdk/pkg/platformai/codemapping/detector.go:108.4,110.3 1 0
github.com/philipsahli/innominatus-ai-sdk/pkg/platformai/codemapping/detector.go:111.2,113.4 1 0
github.com/philipsahli/innominatus-ai-sdk/pkg/platformai/codemapping/detector.go:113.4,115.3 1 0
github.com/philipsahli/innominatus-ai-sdk/pkg/platformai/codemapping/detector.go:116.2,118.4 1 0
github.com/philipsahli/innominatus-ai-sdk/pkg/platformai/codemapping/detector.go:118.4,120.3 1 0
github.com/philipsahli/innominatus-ai-sdk/pkg/platformai/codemapping/detector.go:121.2,123.4 1 0
github.com/philipsahli/innominatus-ai-sdk/pkg/platformai/codemapping/detector.go:123.4,125.3 1 0
github.com/philipsahli/innominatus-ai-sdk/pkg/platformai/codemapping/detector.go:126.2,128.4 1 0
github.com/philipsahli/innominatus-ai-sdk/pkg/platformai/codemapping/detector.go:128.4,130.3 1 0
github.com/philipsahli/innominatus-ai-sdk/pkg/platformai/codemapping/detector.go:133.2,135.4 1 0
github.com/philipsahli/innominatus-ai-sdk/pkg/platformai/codemapping/detector.go:135.4,137.3 1 0
github.com/philipsahli/innominatus-ai-sdk/pkg/platformai/codemapping/detector.go:138.2,140.4 1 0
github.com/philipsahli/innominatus-ai-sdk/pkg/platformai/codemapping/detector.go:140.4,142.3 1 0
github.com/philipsahli/innominatus-ai-sdk/pkg/platformai/codemapping/detector.go:143.2,145.4 1 0
github.com/philipsahli/innominatus-ai-sdk/pkg/platformai/codemapping/detector.go:145.4,147.3 1 0
github.com/philipsahli/innominatus-ai-sdk/pkg/platformai/codemapping/detector.go:150.2,150.38 1 0
github.com/philipsahli/innominatus-ai-sdk/pkg/platformai/codemapping/detector.go:150.38,152.19 2 0
github.com/philipsahli/innominatus-ai-sdk/pkg/platformai/codemapping/detector.go:153.43,154.19 1 0
github.com/philipsahli/innominatus-ai-sdk/pkg/platformai/codemapping/detector.go:155.43,156.19 1 0
github.com/philipsahli/innominatus-ai-sdk/pkg/platformai/codemapping/detector.go:157.24,158.16 1 0
github.com/philipsahli/innominatus-ai-sdk/pkg/platformai/codemapping/detector.go:159.23,160.20 1 0
github.com/philipsahli/innominatus-ai-sdk/pkg/platformai/codemapping/detector.go:164.2,164.15 1 0
github.com/philipsahli/innominatus-ai-sdk/pkg/platformai/codemapping/detector.go:168.69,169.29 1 0
github.com/philipsahli/innominatus-ai-sdk/pkg/platformai/codemapping/detector.go:169.29,170.30 1 0
github.com/philipsahli/innominatus-ai-sdk/pkg/platformai/codemapping/detector.go:170.30,172.4 1 0
github.com/philipsahli/innominatus-ai-sdk/pkg/platformai/codemapping/detector.go:174.2,174.14 1 0
github.com/philipsahli/innominatus-ai-sdk/pkg/platformai/codemapping/module.go:20.46,27.2 1 0
github.com/philipsahli/innominatus-ai-sdk/pkg/platformai/codemapping/module.go:48.91,51.16 2 0
github.com/philipsahli/innominatus-ai-sdk/pkg/platformai/codemapping/module.go:51.16,53.3 1 0
github.com/philipsahli/innominatus-ai-sdk/pkg/platformai/codemapping/module.go:56.2,61.16 4 0
github.com/philipsahli/innominatus-ai-sdk/pkg/platformai/codemapping/module.go:61.16,63.3 1 0
github.com/philipsahli/innominatus-ai-sdk/pkg/platformai/codemapping/module.go:66.2,72.8 2 0
github.com/philipsahli/innominatus-ai-sdk/pkg/platformai/codemapping/module.go:76.113,81.38 3 0
github.com/philipsahli/innominatus-ai-sdk/pkg/platformai/codemapping/module.go:81.38,83.56 1 0
github.com/philipsahli/innominatus-ai-sdk/pkg/platformai/codemapping/module.go:83.56,85.9 2 0
github.com/philipsahli/innominatus-ai-sdk/pkg/platformai/codemapping/module.go:89.2,89.21 1 0
github.com/philipsahli/innominatus-ai-sdk/pkg/platformai/codemapping/module.go:89.21,95.3 1 0
github.com/philipsahli/innominatus-ai-sdk/pkg/platformai/codemapping/module.go:98.2,98.29 1 0
github.com/philipsahli/innominatus-ai-sdk/pkg/platformai/codemapping/module.go:98.29,104.3 1 0
github.com/philipsahli/innominatus-ai-sdk/pkg/platformai/codemapping/module.go:107.2,108.38 2 0
github.com/philipsahli/innominatus-ai-sdk/pkg/platformai/codemapping/module.go:108.38,110.73 2 0
github.com/philipsahli/innominatus-ai-sdk/pkg/platformai/codemapping/module.go:110.73,112.9 2 0
github.com/philipsahli/innominatus-ai-sdk/pkg/platformai/codemapping/module.go:116.2,116.15 1 0
github.com/philipsahli/innominatus-ai-sdk/pkg/platformai/codemapping/module.go:116.15,122.3 1 0
github.com/philipsahli/innominatus-ai-sdk/pkg/platformai/codemapping/module.go:125.2,125.28 1 0
github.com/philipsahli/innominatus-ai-sdk/pkg/platformai/codemapping/module.go:125.28,131.3 1 0
github.com/philipsahli/innominatus-ai-sdk/pkg/platformai/codemapping/module.go:133.2,133.36 1 0
github.com/philipsahli/innominatus-ai-sdk/pkg/platformai/codemapping/module.go:133.36,139.3 1 0
github.com/philipsahli/innominatus-ai-sdk/pkg/platformai/codemapping/module.go:141.2,141.14 1 0
github.com/philipsahli/innominatus-ai-sdk/pkg/platformai/codemapping/module.go:141.14,147.3 1 0
github.com/philipsahli/innominatus-ai-sdk/pkg/platformai/codemapping/module.go:150.2,150.34 1 0
github.com/philipsahli/innominatus-ai-sdk/pkg/platformai/codemapping/module.go:151.12,154.39 2 0
github.com/philipsahli/innominatus-ai-sdk/pkg/platformai/codemapping/module.go:154.39,155.24 1 0
github.com/philipsahli/innominatus-ai-sdk/pkg/platformai/codemapping/module.go:155.24,157.10 2 0
github.com/philipsahli/innominatus-ai-sdk/pkg/platformai/codemapping/module.go:160.3,160.16 1 0
github.com/philipsahli/innominatus-ai-sdk/pkg/platformai/codemapping/module.go:160.16,166.4 1 0
github.com/philipsahli/innominatus-ai-sdk/pkg/platformai/codemapping/module.go:168.16,171.39 2 0
github.com/philipsahli/innominatus-ai-sdk/pkg/platformai/codemapping/module.go:171.39,172.86 1 0
github.com/philipsahli/innominatus-ai-sdk/pkg/platformai/codemapping/module.go:172.86,174.10 2 0
github.com/philipsahli/innominatus-ai-sdk/pkg/platformai/codemapping/module.go:177.3,177.19 1 0
github.com/philipsahli/innominatus-ai-sdk/pkg/platformai/codemapping/module.go:177.19,183.4 1 0
github.com/philipsahli/innominatus-ai-sdk/pkg/platformai/codemapping/module.go:185.16,188.39 2 0
github.com/philipsahli/innominatus-ai-sdk/pkg/platformai/codemapping/module.go:188.39,189.83 1 0
github.com/philipsahli/innominatus-ai-sdk/pkg/platformai/codemapping/module.go:189.83,191.10 2 0
github.com/philipsahli/innominatus-ai-sdk/pkg/platformai/codemapping/module.go:194.3,194.20 1 0
github.com/philipsahli/innominatus-ai-sdk/pkg/platformai/codemapping/module.go:194.20,200.4 1 0
github.com/philipsahli/innominatus-ai-sdk/pkg/platformai/codemapping/module.go:203.2,203.24 1 0
github.com/philipsahli/innominatus-ai-sdk/pkg/platformai/config.go:25.35,26.26 1 0
github.com/philipsahli/innominatus-ai-sdk/pkg/platformai/config.go:26.26,28.3 1 0
github.com/philipsahli/innominatus-ai-sdk/pkg/platformai/config.go:29.2,29.24 1 0
github.com/philipsahli/innominatus-ai-sdk/pkg/platformai/config.go:29.24,31.3 1 0
github.com/philipsahli/innominatus-ai-sdk/pkg/platformai/config.go:34.2,34.23 1 0
github.com/philipsahli/innominatus-ai-sdk/pkg/platformai/config.go:34.23,36.3 1 0
github.com/philipsahli/innominatus-ai-sdk/pkg/platformai/config.go:37.2,37.28 1 0
github.com/philipsahli/innominatus-ai-sdk/pkg/platformai/config.go:37.28,39.3 1 0
github.com/philipsahli/innominatus-ai-sdk/pkg/platformai/config.go:40.2,40.26 1 0
github.com/philipsahli/innominatus-ai-sdk/pkg/platformai/config.go:40.26,42.3 1 0
github.com/philipsahli/innominatus-ai-sdk/pkg/platformai/config.go:44.2,44.12 1 0
github.com/philipsahli/innominatus-ai-sdk/pkg/platformai/sdk.go:20.61,21.42 1 0
github.com/philipsahli/innominatus-ai-sdk/pkg/platformai/sdk.go:21.42,23.3 1 0
github.com/philipsahli/innominatus-ai-sdk/pkg/platformai/sdk.go:26.2,33.16 2 0
github.com/philipsahli/innominatus-ai-sdk/pkg/platformai/sdk.go:33.16,35.3 1 0
github.com/philipsahli/innominatus-ai-sdk/pkg/platformai/sdk.go:38.2,39.23 2 0
github.com/philipsahli/innominatus-ai-sdk/pkg/platformai/sdk.go:39.23,41.17 2 0
github.com/philipsahli/innominatus-ai-sdk/pkg/platformai/sdk.go:41.17,43.4 1 0
github.com/philipsahli/innominatus-ai-sdk/pkg/platformai/sdk.go:46.2,50.8 1 0
github.com/philipsahli/innominatus-ai-sdk/pkg/platformai/sdk.go:54.49,56.2 1 0
github.com/philipsahli/innominatus-ai-sdk/pkg/platformai/sdk.go:59.33,61.2 1 0
github.com/philipsahli/innominatus-ai-sdk/pkg/platformai/sdk.go:64.32,66.2 1 0
github.com/philipsahli/innominatus-ai-sdk/examples/code-analyzer/main.go:18.13,44.55 3 0
github.com/philipsahli/innominatus-ai-sdk/examples/code-analyzer/main.go:44.55,48.55 2 0
github.com/philipsahli/innominatus-ai-sdk/examples/code-analyzer/main.go:48.55,50.5 1 0
github.com/philipsahli/innominatus-ai-sdk/examples/code-analyzer/main.go:53.4,54.20 2 0
github.com/philipsahli/innominatus-ai-sdk/examples/code-analyzer/main.go:54.20,56.5 1 0
github.com/philipsahli/innominatus-ai-sdk/examples/code-analyzer/main.go:58.4,66.18 3 0
github.com/philipsahli/innominatus-ai-sdk/examples/code-analyzer/main.go:66.18,68.5 1 0
github.com/philipsahli/innominatus-ai-sdk/examples/code-analyzer/main.go:71.4,84.18 6 0
github.com/philipsahli/innominatus-ai-sdk/examples/code-analyzer/main.go:84.18,86.5 1 0
github.com/philipsahli/innominatus-ai-sdk/examples/code-analyzer/main.go:89.4,92.24 2 0
github.com/philipsahli/innominatus-ai-sdk/examples/code-analyzer/main.go:92.24,94.5 1 0
github.com/philipsahli/innominatus-ai-sdk/examples/code-analyzer/main.go:96.4,96.77 1 0
github.com/philipsahli/innominatus-ai-sdk/examples/code-analyzer/main.go:96.77,98.5 1 0
github.com/philipsahli/innominatus-ai-sdk/examples/code-analyzer/main.go:100.4,103.14 3 0
github.com/philipsahli/innominatus-ai-sdk/examples/code-analyzer/main.go:107.2,113.42 5 0
github.com/philipsahli/innominatus-ai-sdk/examples/code-analyzer/main.go:113.42,115.3 1 0
github.com/philipsahli/innominatus-ai-sdk/examples/code-analyzer/main.go:118.32,123.2 4 0
github.com/philipsahli/innominatus-ai-sdk/examples/code-analyzer/main.go:125.61,132.36 5 0
github.com/philipsahli/innominatus-ai-sdk/examples/code-analyzer/main.go:132.36,134.3 1 0
github.com/philipsahli/innominatus-ai-sdk/examples/code-analyzer/main.go:135.2,140.28 4 0
github.com/philipsahli/innominatus-ai-sdk/examples/code-analyzer/main.go:140.28,142.3 1 0
github.com/philipsahli/innominatus-ai-sdk/examples/code-analyzer/main.go:145.2,145.36 1 0
github.com/philipsahli/innominatus-ai-sdk/examples/code-analyzer/main.go:145.36,148.52 3 0
github.com/philipsahli/innominatus-ai-sdk/examples/code-analyzer/main.go:148.52,149.17 1 0
github.com/philipsahli/innominatus-ai-sdk/examples/code-analyzer/main.go:149.17,151.5 1 0
github.com/philipsahli/innominatus-ai-sdk/examples/code-analyzer/main.go:152.4,152.11 1 0
github.com/philipsahli/innominatus-ai-sdk/examples/code-analyzer/main.go:154.3,154.16 1 0
github.com/philipsahli/innominatus-ai-sdk/examples/code-analyzer/main.go:154.16,156.4 1 0
github.com/philipsahli/innominatus-ai-sdk/examples/code-analyzer/main.go:160.2,166.28 6 0
github.com/philipsahli/innominatus-ai-sdk/examples/code-analyzer/main.go:166.28,169.3 2 0
github.com/philipsahli/innominatus-ai-sdk/examples/code-analyzer/main.go:170.2,170.25 1 0
github.com/philipsahli/innominatus-ai-sdk/examples/code-analyzer/main.go:170.25,173.3 2 0
github.com/philipsahli/innominatus-ai-sdk/examples/code-analyzer/main.go:176.2,192.37 9 0
github.com/philipsahli/innominatus-ai-sdk/examples/code-analyzer/main.go:192.37,194.46 2 0
github.com/philipsahli/innominatus-ai-sdk/examples/code-analyzer/main.go:194.46,196.21 2 0
github.com/philipsahli/innominatus-ai-sdk/examples/code-analyzer/main.go:197.19,198.20 1 0
github.com/philipsahli/innominatus-ai-sdk/examples/code-analyzer/main.go:199.20,200.18 1 0
github.com/philipsahli/innominatus-ai-sdk/examples/code-analyzer/main.go:201.16,202.17 1 0
github.com/philipsahli/innominatus-ai-sdk/examples/code-analyzer/main.go:204.4,205.25 2 0
github.com/philipsahli/innominatus-ai-sdk/examples/code-analyzer/main.go:205.25,207.5 1 0
github.com/philipsahli/innominatus-ai-sdk/examples/code-analyzer/main.go:211.2,211.49 1 0
github.com/philipsahli/innominatus-ai-sdk/examples/code-analyzer/main.go:214.91,217.47 2 0
github.com/philipsahli/innominatus-ai-sdk/examples/code-analyzer/main.go:217.47,219.3 1 0
github.com/philipsahli/innominatus-ai-sdk/examples/code-analyzer/main.go:222.2,231.16 4 0
github.com/philipsahli/innominatus-ai-sdk/examples/code-analyzer/main.go:232.14,234.17 2 0
github.com/philipsahli/innominatus-ai-sdk/examples/code-analyzer/main.go:234.17,236.4 1 0
github.com/philipsahli/innominatus-ai-sdk/examples/code-analyzer/main.go:237.3,237.41 1 0
github.com/philipsahli/innominatus-ai-sdk/examples/code-analyzer/main.go:238.10,239.54 1 0
github.com/philipsahli/innominatus-ai-sdk/examples/code-analyzer/main.go:242.2,242.45 1 0
github.com/philipsahli/innominatus-ai-sdk/pkg/platformai/rag/embeddings.go:21.76,22.17 1 0
github.com/philipsahli/innominatus-ai-sdk/pkg/platformai/rag/embeddings.go:22.17,24.3 1 0
github.com/philipsahli/innominatus-ai-sdk/pkg/platformai/rag/embeddings.go:25.2,31.3 1 0
github.com/philipsahli/innominatus-ai-sdk/pkg/platformai/rag/embeddings.go:35.104,37.16 2 0
github.com/philipsahli/innominatus-ai-sdk/pkg/platformai/rag/embeddings.go:37.16,39.3 1 0
github.com/philipsahli/innominatus-ai-sdk/pkg/platformai/rag/embeddings.go:40.2,40.26 1 0
github.com/philipsahli/innominatus-ai-sdk/pkg/platformai/rag/embeddings.go:40.26,42.3 1 0
github.com/philipsahli/innominatus-ai-sdk/pkg/platformai/rag/embeddings.go:43.2,43.27 1 0
github.com/philipsahli/innominatus-ai-sdk/pkg/platformai/rag/embeddings.go:47.110,54.16 3 0
github.com/philipsahli/innominatus-ai-sdk/pkg/platformai/rag/embeddings.go:54.16,56.3 1 0
github.com/philipsahli/innominatus-ai-sdk/pkg/platformai/rag/embeddings.go:58.2,59.16 2 0
github.com/philipsahli/innominatus-ai-sdk/pkg/platformai/rag/embeddings.go:59.16,61.3 1 0
github.com/philipsahli/innominatus-ai-sdk/pkg/platformai/rag/embeddings.go:63.2,67.16 4 0
github.com/philipsahli/innominatus-ai-sdk/pkg/platformai/rag/embeddings.go:67.16,69.3 1 0
github.com/philipsahli/innominatus-ai-sdk/pkg/platformai/rag/embeddings.go:70.2,72.38 2 0
github.com/philipsahli/innominatus-ai-sdk/pkg/platformai/rag/embeddings.go:72.38,75.3 2 0
github.com/philipsahli/innominatus-ai-sdk/pkg/platformai/rag/embeddings.go:77.2,83.67 2 0
github.com/philipsahli/innominatus-ai-sdk/pkg/platformai/rag/embeddings.go:83.67,85.3 1 0
github.com/philipsahli/innominatus-ai-sdk/pkg/platformai/rag/embeddings.go:87.2,88.35 2 0
github.com/philipsahli/innominatus-ai-sdk/pkg/platformai/rag/embeddings.go:88.35,90.3 1 0
github.com/philipsahli/innominatus-ai-sdk/pkg/platformai/rag/embeddings.go:92.2,92.24 1 0
github.com/philipsahli/innominatus-ai-sdk/pkg/platformai/rag/embeddings.go:103.76,104.17 1 0
github.com/philipsahli/innominatus-ai-sdk/pkg/platformai/rag/embeddings.go:104.17,106.3 1 0
github.com/philipsahli/innominatus-ai-sdk/pkg/platformai/rag/embeddings.go:107.2,113.3 1 0
github.com/philipsahli/innominatus-ai-sdk/pkg/platformai/rag/embeddings.go:117.104,119.16 2 0
github.com/philipsahli/innominatus-ai-sdk/pkg/platformai/rag/embeddings.go:119.16,121.3 1 0
github.com/philipsahli/innominatus-ai-sdk/pkg/platformai/rag/embeddings.go:122.2,122.26 1 0
github.com/philipsahli/innominatus-ai-sdk/pkg/platformai/rag/embeddings.go:122.26,124.3 1 0
github.com/philipsahli/innominatus-ai-sdk/pkg/platformai/rag/embeddings.go:125.2,125.27 1 0
github.com/philipsahli/innominatus-ai-sdk/pkg/platformai/rag/embeddings.go:129.110,136.16 3 0
github.com/philipsahli/innominatus-ai-sdk/pkg/platformai/rag/embeddings.go:136.16,138.3 1 0
github.com/philipsahli/innominatus-ai-sdk/pkg/platformai/rag/embeddings.go:140.2,141.16 2 0
github.com/philipsahli/innominatus-ai-sdk/pkg/platformai/rag/embeddings.go:141.16,143.3 1 0
github.com/philipsahli/innominatus-ai-sdk/pkg/platformai/rag/embeddings.go:145.2,149.16 4 0
github.com/philipsahli/innominatus-ai-sdk/pkg/platformai/rag/embeddings.go:149.16,151.3 1 0
github.com/philipsahli/innominatus-ai-sdk/pkg/platformai/rag/embeddings.go:152.2,154.38 2 0
github.com/philipsahli/innominatus-ai-sdk/pkg/platformai/rag/embeddings.go:154.38,157.3 2 0
github.com/philipsahli/innominatus-ai-sdk/pkg/platformai/rag/embeddings.go:159.2,165.67 2 0
github.com/philipsahli/innominatus-ai-sdk/pkg/platformai/rag/embeddings.go:165.67,167.3 1 0
github.com/philipsahli/innominatus-ai-sdk/pkg/platformai/rag/embeddings.go:169.2,170.35 2 0
github.com/philipsahli/innominatus-ai-sdk/pkg/platformai/rag/embeddings.go:170.35,172.3 1 0
github.com/philipsahli/innominatus-ai-sdk/pkg/platformai/rag/embeddings.go:174.2,174.24 1 0
github.com/philipsahli/innominatus-ai-sdk/pkg/platformai/rag/embeddings.go:178.69,179.34 1 0
github.com/philipsahli/innominatus-ai-sdk/pkg/platformai/rag/embeddings.go:180.28,181.68 1 0
github.com/philipsahli/innominatus-ai-sdk/pkg/platformai/rag/embeddings.go:182.16,183.68 1 0
github.com/philipsahli/innominatus-ai-sdk/pkg/platformai/rag/embeddings.go:184.10,185.119 1 0
github.com/philipsahli/innominatus-ai-sdk/pkg/platformai/rag/module.go:17.48,20.16 2 0
github.com/philipsahli/innominatus-ai-sdk/pkg/platformai/rag/module.go:20.16,22.3 1 0
github.com/philipsahli/innominatus-ai-sdk/pkg/platformai/rag/module.go:25.2,35.8 3 0
github.com/philipsahli/innominatus-ai-sdk/pkg/platformai/rag/module.go:39.105,41.2 1 0
github.com/philipsahli/innominatus-ai-sdk/pkg/platformai/rag/module.go:48.10,50.2 1 0
github.com/philipsahli/innominatus-ai-sdk/pkg/platformai/rag/module.go:53.96,55.2 1 0
github.com/philipsahli/innominatus-ai-sdk/pkg/platformai/rag/module.go:58.85,63.16 2 0
github.com/philipsahli/innominatus-ai-sdk/pkg/platformai/rag/module.go:63.16,65.3 1 0
github.com/philipsahli/innominatus-ai-sdk/pkg/platformai/rag/module.go:66.2,66.26 1 0
github.com/philipsahli/innominatus-ai-sdk/pkg/platformai/rag/module.go:70.81,72.2 1 0
github.com/philipsahli/innominatus-ai-sdk/pkg/platformai/rag/module.go:75.71,77.2 1 0
github.com/philipsahli/innominatus-ai-sdk/pkg/platformai/rag/module.go:80.58,82.2 1 0
github.com/philipsahli/innominatus-ai-sdk/pkg/platformai/rag/retriever.go:16.77,21.2 1 0
github.com/philipsahli/innominatus-ai-sdk/pkg/platformai/rag/retriever.go:24.99,26.19 1 0
github.com/philipsahli/innominatus-ai-sdk/pkg/platformai/rag/retriever.go:26.19,28.3 1 0
github.com/philipsahli/innominatus-ai-sdk/pkg/platformai/rag/retriever.go:31.2,32.16 2 0
github.com/philipsahli/innominatus-ai-sdk/pkg/platformai/rag/retriever.go:32.16,34.3 1 0
github.com/philipsahli/innominatus-ai-sdk/pkg/platformai/rag/retriever.go:37.2,38.16 2 0
github.com/philipsahli/innominatus-ai-sdk/pkg/platformai/rag/retriever.go:38.16,40.3 1 0
github.com/philipsahli/innominatus-ai-sdk/pkg/platformai/rag/retriever.go:43.2,49.8 2 0
github.com/philipsahli/innominatus-ai-sdk/pkg/platformai/rag/retriever.go:53.66,54.23 1 0
github.com/philipsahli/innominatus-ai-sdk/pkg/platformai/rag/retriever.go:54.23,56.3 1 0
github.com/philipsahli/innominatus-ai-sdk/pkg/platformai/rag/retriever.go:58.2,61.33 3 0
github.com/philipsahli/innominatus-ai-sdk/pkg/platformai/rag/retriever.go:61.33,65.40 2 0
github.com/philipsahli/innominatus-ai-sdk/pkg/platformai/rag/retriever.go:65.40,66.58 1 0
github.com/philipsahli/innominatus-ai-sdk/pkg/platformai/rag/retriever.go:66.58,68.5 1 0
github.com/philipsahli/innominatus-ai-sdk/pkg/platformai/rag/retriever.go:69.4,69.60 1 0
github.com/philipsahli/innominatus-ai-sdk/pkg/platformai/rag/retriever.go:69.60,71.5 1 0
github.com/philipsahli/innominatus-ai-sdk/pkg/platformai/rag/retriever.go:74.3,76.30 3 0
github.com/philipsahli/innominatus-ai-sdk/pkg/platformai/rag/retriever.go:79.2,79.25 1 0
github.com/philipsahli/innominatus-ai-sdk/pkg/platformai/rag/retriever.go:83.108,86.16 2 0
github.com/philipsahli/innominatus-ai-sdk/pkg/platformai/rag/retriever.go:86.16,88.3 1 0
github.com/philipsahli/innominatus-ai-sdk/pkg/platformai/rag/retriever.go:91.2,99.46 2 0
github.com/philipsahli/innominatus-ai-sdk/pkg/platformai/rag/retriever.go:99.46,101.3 1 0
github.com/philipsahli/innominatus-ai-sdk/pkg/platformai/rag/retriever.go:103.2,103.12 1 0
github.com/philipsahli/innominatus-ai-sdk/pkg/platformai/rag/retriever.go:111.10,114.27 2 0
github.com/philipsahli/innominatus-ai-sdk/pkg/platformai/rag/retriever.go:114.27,116.3 1 0
github.com/philipsahli/innominatus-ai-sdk/pkg/platformai/rag/retriever.go:119.2,120.16 2 0
github.com/philipsahli/innominatus-ai-sdk/pkg/platformai/rag/retriever.go:120.16,122.3 1 0
github.com/philipsahli/innominatus-ai-sdk/pkg/platformai/rag/retriever.go:125.2,126.27 2 0
github.com/philipsahli/innominatus-ai-sdk/pkg/platformai/rag/retriever.go:126.27,133.3 1 0
github.com/philipsahli/innominatus-ai-sdk/pkg/platformai/rag/retriever.go:136.2,136.57 1 0
github.com/philipsahli/innominatus-ai-sdk/pkg/platformai/rag/retriever.go:136.57,138.3 1 0
github.com/philipsahli/innominatus-ai-sdk/pkg/platformai/rag/retriever.go:140.2,140.12 1 0
github.com/philipsahli/innominatus-ai-sdk/pkg/platformai/rag/store.go:18.52,22.2 1 0
github.com/philipsahli/innominatus-ai-sdk/pkg/platformai/rag/store.go:25.76,26.18 1 0
github.com/philipsahli/innominatus-ai-sdk/pkg/platformai/rag/store.go:26.18,28.3 1 0
github.com/philipsahli/innominatus-ai-sdk/pkg/platformai/rag/store.go:29.2,29.29 1 0
github.com/philipsahli/innominatus-ai-sdk/pkg/platformai/rag/store.go:29.29,31.3 1 0
github.com/philipsahli/innominatus-ai-sdk/pkg/platformai/rag/store.go:33.2,37.12 4 0
github.com/philipsahli/innominatus-ai-sdk/pkg/platformai/rag/store.go:41.84,45.27 3 0
github.com/philipsahli/innominatus-ai-sdk/pkg/platformai/rag/store.go:45.27,46.19 1 0
github.com/philipsahli/innominatus-ai-sdk/pkg/platformai/rag/store.go:46.19,48.4 1 0
github.com/philipsahli/innominatus-ai-sdk/pkg/platformai/rag/store.go:49.3,49.30 1 0
github.com/philipsahli/innominatus-ai-sdk/pkg/platformai/rag/store.go:49.30,51.4 1 0
github.com/philipsahli/innominatus-ai-sdk/pkg/platformai/rag/store.go:52.3,52.28 1 0
github.com/philipsahli/innominatus-ai-sdk/pkg/platformai/rag/store.go:54.2,54.12 1 0
github.com/philipsahli/innominatus-ai-sdk/pkg/platformai/rag/store.go:58.137,59.30 1 0
github.com/philipsahli/innominatus-ai-sdk/pkg/platformai/rag/store.go:59.30,61.3 1 0
github.com/philipsahli/innominatus-ai-sdk/pkg/platformai/rag/store.go:63.2,68.34 4 0
github.com/philipsahli/innominatus-ai-sdk/pkg/platformai/rag/store.go:68.34,70.29 2 0
github.com/philipsahli/innominatus-ai-sdk/pkg/platformai/rag/store.go:70.29,75.4 1 0
github.com/philipsahli/innominatus-ai-sdk/pkg/platformai/rag/store.go:79.2,79.42 1 0
github.com/philipsahli/innominatus-ai-sdk/pkg/platformai/rag/store.go:79.42,81.3 1 0
github.com/philipsahli/innominatus-ai-sdk/pkg/platformai/rag/store.go:84.2,84.37 1 0
github.com/philipsahli/innominatus-ai-sdk/pkg/platformai/rag/store.go:84.37,86.3 1 0
github.com/philipsahli/innominatus-ai-sdk/pkg/platformai/rag/store.go:88.2,88.21 1 0
github.com/philipsahli/innominatus-ai-sdk/pkg/platformai/rag/store.go:92.86,97.13 4 0
github.com/philipsahli/innominatus-ai-sdk/pkg/platformai/rag/store.go:97.13,99.3 1 0
github.com/philipsahli/innominatus-ai-sdk/pkg/platformai/rag/store.go:101.2,101.18 1 0
github.com/philipsahli/innominatus-ai-sdk/pkg/platformai/rag/store.go:105.76,109.43 3 0
github.com/philipsahli/innominatus-ai-sdk/pkg/platformai/rag/store.go:109.43,111.3 1 0
github.com/philipsahli/innominatus-ai-sdk/pkg/platformai/rag/store.go:113.2,114.12 2 0
github.com/philipsahli/innominatus-ai-sdk/pkg/platformai/rag/store.go:118.71,123.2 3 0
github.com/philipsahli/innominatus-ai-sdk/pkg/platformai/rag/store.go:127.47,128.22 1 0
github.com/philipsahli/innominatus-ai-sdk/pkg/platformai/rag/store.go:128.22,130.3 1 0
github.com/philipsahli/innominatus-ai-sdk/pkg/platformai/rag/store.go:132.2,133.19 2 0
github.com/philipsahli/innominatus-ai-sdk/pkg/platformai/rag/store.go:133.19,137.3 3 0
github.com/philipsahli/innominatus-ai-sdk/pkg/platformai/rag/store.go:139.2,139.30 1 0
github.com/philipsahli/innominatus-ai-sdk/pkg/platformai/rag/store.go:139.30,141.3 1 0
github.com/philipsahli/innominatus-ai-sdk/pkg/platformai/rag/store.go:143.2,143.68 1 0
github.com/philipsahli/innominatus-ai-sdk/pkg/platformai/llm/anthropic.go:28.57,41.2 1 0
github.com/philipsahli/innominatus-ai-sdk/pkg/platformai/llm/anthropic.go:72.62,79.18 4 0
github.com/philipsahli/innominatus-ai-sdk/pkg/platformai/llm/anthropic.go:79.18,81.3 1 0
github.com/philipsahli/innominatus-ai-sdk/pkg/platformai/llm/anthropic.go:82.2,82.16 1 0
github.com/philipsahli/innominatus-ai-sdk/pkg/platformai/llm/anthropic.go:82.16,84.3 1 0
github.com/philipsahli/innominatus-ai-sdk/pkg/platformai/llm/anthropic.go:85.2,85.18 1 0
github.com/philipsahli/innominatus-ai-sdk/pkg/platformai/llm/anthropic.go:85.18,87.3 1 0
github.com/philipsahli/innominatus-ai-sdk/pkg/platformai/llm/anthropic.go:90.2,90.26 1 0
github.com/philipsahli/innominatus-ai-sdk/pkg/platformai/llm/anthropic.go:90.26,91.21 1 0
github.com/philipsahli/innominatus-ai-sdk/pkg/platformai/llm/anthropic.go:91.21,93.4 1 0
github.com/philipsahli/innominatus-ai-sdk/pkg/platformai/llm/anthropic.go:93.9,95.4 1 0
github.com/philipsahli/innominatus-ai-sdk/pkg/platformai/llm/anthropic.go:96.8,96.47 1 0
github.com/philipsahli/innominatus-ai-sdk/pkg/platformai/llm/anthropic.go:96.47,98.3 1 0
github.com/philipsahli/innominatus-ai-sdk/pkg/platformai/llm/anthropic.go:100.2,100.23 1 0
github.com/philipsahli/innominatus-ai-sdk/pkg/platformai/llm/anthropic.go:100.23,102.3 1 0
github.com/philipsahli/innominatus-ai-sdk/pkg/platformai/llm/anthropic.go:103.2,103.21 1 0
github.com/philipsahli/innominatus-ai-sdk/pkg/platformai/llm/anthropic.go:103.21,105.3 1 0
github.com/philipsahli/innominatus-ai-sdk/pkg/platformai/llm/anthropic.go:106.2,106.15 1 0
github.com/philipsahli/innominatus-ai-sdk/pkg/platformai/llm/anthropic.go:106.15,108.3 1 0
github.com/philipsahli/innominatus-ai-sdk/pkg/platformai/llm/anthropic.go:110.2,110.29 1 0
github.com/philipsahli/innominatus-ai-sdk/pkg/platformai/llm/anthropic.go:138.105,156.16 3 0
github.com/philipsahli/innominatus-ai-sdk/pkg/platformai/llm/anthropic.go:156.16,158.3 1 0
github.com/philipsahli/innominatus-ai-sdk/pkg/platformai/llm/anthropic.go:161.2,162.16 2 0
github.com/philipsahli/innominatus-ai-sdk/pkg/platformai/llm/anthropic.go:162.16,164.3 1 0
github.com/philipsahli/innominatus-ai-sdk/pkg/platformai/llm/anthropic.go:167.2,173.16 5 0
github.com/philipsahli/innominatus-ai-sdk/pkg/platformai/llm/anthropic.go:173.16,175.3 1 0
github.com/philipsahli/innominatus-ai-sdk/pkg/platformai/llm/anthropic.go:176.2,180.16 3 0
github.com/philipsahli/innominatus-ai-sdk/pkg/platformai/llm/anthropic.go:180.16,182.3 1 0
github.com/philipsahli/innominatus-ai-sdk/pkg/platformai/llm/anthropic.go:185.2,185.42 1 0
github.com/philipsahli/innominatus-ai-sdk/pkg/platformai/llm/anthropic.go:185.42,187.55 2 0
github.com/philipsahli/innominatus-ai-sdk/pkg/platformai/llm/anthropic.go:187.55,189.4 1 0
github.com/philipsahli/innominatus-ai-sdk/pkg/platformai/llm/anthropic.go:190.3,190.88 1 0
github.com/philipsahli/innominatus-ai-sdk/pkg/platformai/llm/anthropic.go:194.2,195.55 2 0
github.com/philipsahli/innominatus-ai-sdk/pkg/platformai/llm/anthropic.go:195.55,197.3 1 0
github.com/philipsahli/innominatus-ai-sdk/pkg/platformai/llm/anthropic.go:200.2,202.42 3 0
github.com/philipsahli/innominatus-ai-sdk/pkg/platformai/llm/anthropic.go:202.42,203.29 1 0
github.com/philipsahli/innominatus-ai-sdk/pkg/platformai/llm/anthropic.go:203.29,205.4 1 0
github.com/philipsahli/innominatus-ai-sdk/pkg/platformai/llm/anthropic.go:205.9,205.40 1 0
github.com/philipsahli/innominatus-ai-sdk/pkg/platformai/llm/anthropic.go:205.40,211.4 1 0
github.com/philipsahli/innominatus-ai-sdk/pkg/platformai/llm/anthropic.go:215.2,226.8 2 0
github.com/philipsahli/innominatus-ai-sdk/pkg/platformai/llm/anthropic.go:230.142,233.29 2 0
github.com/philipsahli/innominatus-ai-sdk/pkg/platformai/llm/anthropic.go:233.29,235.3 1 0
github.com/philipsahli/innominatus-ai-sdk/pkg/platformai/llm/anthropic.go:238.2,245.37 2 0
github.com/philipsahli/innominatus-ai-sdk/pkg/platformai/llm/anthropic.go:249.123,252.35 2 0
github.com/philipsahli/innominatus-ai-sdk/pkg/platformai/llm/anthropic.go:252.35,255.61 2 0
github.com/philipsahli/innominatus-ai-sdk/pkg/platformai/llm/anthropic.go:255.61,258.4 1 0
github.com/philipsahli/innominatus-ai-sdk/pkg/platformai/llm/anthropic.go:258.9,261.38 2 0
github.com/philipsahli/innominatus-ai-sdk/pkg/platformai/llm/anthropic.go:261.38,272.5 1 0
github.com/philipsahli/innominatus-ai-sdk/pkg/platformai/llm/anthropic.go:273.4,273.20 1 0
github.com/philipsahli/innominatus-ai-sdk/pkg/platformai/llm/anthropic.go:276.3,279.5 1 0
github.com/philipsahli/innominatus-ai-sdk/pkg/platformai/llm/anthropic.go:283.2,294.16 3 0
github.com/philipsahli/innominatus-ai-sdk/pkg/platformai/llm/anthropic.go:294.16,296.3 1 0
github.com/philipsahli/innominatus-ai-sdk/pkg/platformai/llm/anthropic.go:299.2,300.16 2 0
github.com/philipsahli/innominatus-ai-sdk/pkg/platformai/llm/anthropic.go:300.16,302.3 1 0
github.com/philipsahli/innominatus-ai-sdk/pkg/platformai/llm/anthropic.go:305.2,311.16 5 0
github.com/philipsahli/innominatus-ai-sdk/pkg/platformai/llm/anthropic.go:311.16,313.3 1 0
github.com/philipsahli/innominatus-ai-sdk/pkg/platformai/llm/anthropic.go:314.2,318.16 3 0
github.com/philipsahli/innominatus-ai-sdk/pkg/platformai/llm/anthropic.go:318.16,320.3 1 0
github.com/philipsahli/innominatus-ai-sdk/pkg/platformai/llm/anthropic.go:323.2,323.42 1 0
github.com/philipsahli/innominatus-ai-sdk/pkg/platformai/llm/anthropic.go:323.42,325.55 2 0
github.com/philipsahli/innominatus-ai-sdk/pkg/platformai/llm/anthropic.go:325.55,327.4 1 0
github.com/philipsahli/innominatus-ai-sdk/pkg/platformai/llm/anthropic.go:328.3,328.88 1 0
github.com/philipsahli/innominatus-ai-sdk/pkg/platformai/llm/anthropic.go:332.2,333.55 2 0
github.com/philipsahli/innominatus-ai-sdk/pkg/platformai/llm/anthropic.go:333.55,335.3 1 0
github.com/philipsahli/innominatus-ai-sdk/pkg/platformai/llm/anthropic.go:338.2,340.42 3 0
github.com/philipsahli/innominatus-ai-sdk/pkg/platformai/llm/anthropic.go:340.42,341.29 1 0
github.com/philipsahli/innominatus-ai-sdk/pkg/platformai/llm/anthropic.go:341.29,343.4 1 0
github.com/philipsahli/innominatus-ai-sdk/pkg/platformai/llm/anthropic.go:343.9,343.40 1 0
github.com/philipsahli/innominatus-ai-sdk/pkg/platformai/llm/anthropic.go:343.40,349.4 1 0
github.com/philipsahli/innominatus-ai-sdk/pkg/platformai/llm/anthropic.go:352.2,361.8 1 0
github.com/philipsahli/innominatus-ai-sdk/pkg/platformai/llm/anthropic.go:365.43,370.36 2 0
github.com/philipsahli/innominatus-ai-sdk/pkg/platformai/llm/anthropic.go:370.36,372.21 2 0
github.com/philipsahli/innominatus-ai-sdk/pkg/platformai/llm/anthropic.go:372.21,376.53 2 0
github.com/philipsahli/innominatus-ai-sdk/pkg/platformai/llm/anthropic.go:376.53,378.5 1 0
github.com/philipsahli/innominatus-ai-sdk/pkg/platformai/llm/anthropic.go:379.4,379.36 1 0
github.com/philipsahli/innominatus-ai-sdk/pkg/platformai/llm/anthropic.go:383.2,383.32 1 0
github.com/philipsahli/innominatus-ai-sdk/pkg/platformai/llm/client.go:16.47,17.25 1 0
github.com/philipsahli/innominatus-ai-sdk/pkg/platformai/llm/client.go:18.19,19.41 1 0
github.com/philipsahli/innominatus-ai-sdk/pkg/platformai/llm/client.go:20.10,21.74 1 0
github.com/philipsahli/innominatus-ai-sdk/verification/template.go:17.13,24.18 4 0
github.com/philipsahli/innominatus-ai-sdk/verification/template.go:24.18,26.3 1 0
github.com/philipsahli/innominatus-ai-sdk/verification/template.go:28.2,37.16 3 0
github.com/philipsahli/innominatus-ai-sdk/verification/template.go:37.16,39.3 1 0
github.com/philipsahli/innominatus-ai-sdk/verification/template.go:42.2,47.16 3 0
github.com/philipsahli/innominatus-ai-sdk/verification/template.go:47.16,49.3 1 0
github.com/philipsahli/innominatus-ai-sdk/verification/template.go:52.2,54.46 2 0
github.com/philipsahli/innominatus-ai-sdk/verification/template.go:54.46,56.3 1 0
github.com/philipsahli/innominatus-ai-sdk/verification/template.go:59.2,61.46 2 0
github.com/philipsahli/innominatus-ai-sdk/verification/template.go:61.46,63.3 1 0
github.com/philipsahli/innominatus-ai-sdk/verification/template.go:66.2,67.22 2 0
github.com/philipsahli/innominatus-ai-sdk/verification/template.go:72.93,87.2 1 0
github.com/philipsahli/innominatus-ai-sdk/verification/template.go:91.46,110.19 1 0
github.com/philipsahli/innominatus-ai-sdk/verification/template.go:110.19,112.3 1 0
github.com/philipsahli/innominatus-ai-sdk/verification/template.go:114.2,114.12 1 0
github.com/philipsahli/innominatus-ai-sdk/verification/template.go:118.46,121.53 2 0
github.com/philipsahli/innominatus-ai-sdk/verification/template.go:121.53,123.3 1 0
github.com/philipsahli/innominatus-ai-sdk/verification/template.go:126.2,131.16 4 0
github.com/philipsahli/innominatus-ai-sdk/verification/template.go:131.16,133.3 1 0
github.com/philipsahli/innominatus-ai-sdk/verification/template.go:136.2,136.59 1 0
github.com/philipsahli/innominatus-ai-sdk/verification/template.go:136.59,138.3 1 0
github.com/philipsahli/innominatus-ai-sdk/verification/template.go:140.2,141.12 2 0
github.com/philipsahli/innominatus-ai-sdk/verification/template.go:146.39,160.2 2 0
github.com/philipsahli/innominatus-ai-sdk/verification/template.go:163.47,166.2 2 0
github.com/philipsahli/innominatus-ai-sdk/verification/template.go:169.47,171.2 1 0
